no change     /lustre/home/acct-stu/stu282/Tools/miniconda3/condabin/conda
no change     /lustre/home/acct-stu/stu282/Tools/miniconda3/bin/conda
no change     /lustre/home/acct-stu/stu282/Tools/miniconda3/bin/conda-env
no change     /lustre/home/acct-stu/stu282/Tools/miniconda3/bin/activate
no change     /lustre/home/acct-stu/stu282/Tools/miniconda3/bin/deactivate
no change     /lustre/home/acct-stu/stu282/Tools/miniconda3/etc/profile.d/conda.sh
no change     /lustre/home/acct-stu/stu282/Tools/miniconda3/etc/fish/conf.d/conda.fish
no change     /lustre/home/acct-stu/stu282/Tools/miniconda3/shell/condabin/Conda.psm1
no change     /lustre/home/acct-stu/stu282/Tools/miniconda3/shell/condabin/conda-hook.ps1
no change     /lustre/home/acct-stu/stu282/Tools/miniconda3/lib/python3.12/site-packages/xontrib/conda.xsh
no change     /lustre/home/acct-stu/stu282/Tools/miniconda3/etc/profile.d/conda.csh
no change     /lustre/home/acct-stu/stu312/.bashrc
No action taken.
Finish loading indexes
Finish loading indexes
MeanConcatDense(
  (audio_embed): Sequential(
    (0): Linear(in_features=512, out_features=512, bias=True)
    (1): BatchNorm1d(512, eps=1e-05, momentum=0.1, affine=True, track_running_stats=True)
    (2): ReLU()
    (3): Dropout(p=0.2, inplace=False)
    (4): Linear(in_features=512, out_features=128, bias=True)
  )
  (video_embed): Sequential(
    (0): Linear(in_features=512, out_features=512, bias=True)
    (1): BatchNorm1d(512, eps=1e-05, momentum=0.1, affine=True, track_running_stats=True)
    (2): ReLU()
    (3): Dropout(p=0.2, inplace=False)
    (4): Linear(in_features=512, out_features=128, bias=True)
  )
  (outputlayer): Sequential(
    (0): Linear(in_features=256, out_features=128, bias=True)
    (1): Linear(in_features=128, out_features=10, bias=True)
  )
)
-----------start training-----------
epoch 1
---------------------------------------------------------------------------------------------------
epoch 1 training loss:  1.407789473572085 cv loss:  0.8624783257643381
best validation model found and saved.
---------------------------------------------------------------------------------------------------
epoch 2
---------------------------------------------------------------------------------------------------
epoch 2 training loss:  0.5610652791876947 cv loss:  0.5891784975926081
best validation model found and saved.
---------------------------------------------------------------------------------------------------
epoch 3
---------------------------------------------------------------------------------------------------
epoch 3 training loss:  0.2781466065395263 cv loss:  0.507489395638307
best validation model found and saved.
---------------------------------------------------------------------------------------------------
epoch 4
---------------------------------------------------------------------------------------------------
epoch 4 training loss:  0.14974136266016191 cv loss:  0.48505092163880664
best validation model found and saved.
---------------------------------------------------------------------------------------------------
epoch 5
---------------------------------------------------------------------------------------------------
epoch 5 training loss:  0.08459162952438477 cv loss:  0.491939311226209
epoch 6
---------------------------------------------------------------------------------------------------
epoch 6 training loss:  0.05122107246349896 cv loss:  0.4836700273056825
best validation model found and saved.
---------------------------------------------------------------------------------------------------
epoch 7
---------------------------------------------------------------------------------------------------
epoch 7 training loss:  0.03288887894802516 cv loss:  0.48989138131340343
epoch 8
---------------------------------------------------------------------------------------------------
epoch 8 training loss:  0.022306206681194804 cv loss:  0.5146500306824843
epoch 9
---------------------------------------------------------------------------------------------------
epoch 9 training loss:  0.015792620743835164 cv loss:  0.5239641026904186
epoch 10
---------------------------------------------------------------------------------------------------
epoch 10 training loss:  0.011888882460733574 cv loss:  0.5350740601619085
epoch 11
---------------------------------------------------------------------------------------------------
epoch 11 training loss:  0.009391779493119928 cv loss:  0.5379960605253776
epoch 12
---------------------------------------------------------------------------------------------------
epoch 12 training loss:  0.009220456298921377 cv loss:  0.5347516170392433
epoch 13
---------------------------------------------------------------------------------------------------
epoch 13 training loss:  0.009055653602005012 cv loss:  0.5286430505414804
Finish loading indexes
