no change     /lustre/home/acct-stu/stu282/Tools/miniconda3/condabin/conda
no change     /lustre/home/acct-stu/stu282/Tools/miniconda3/bin/conda
no change     /lustre/home/acct-stu/stu282/Tools/miniconda3/bin/conda-env
no change     /lustre/home/acct-stu/stu282/Tools/miniconda3/bin/activate
no change     /lustre/home/acct-stu/stu282/Tools/miniconda3/bin/deactivate
no change     /lustre/home/acct-stu/stu282/Tools/miniconda3/etc/profile.d/conda.sh
no change     /lustre/home/acct-stu/stu282/Tools/miniconda3/etc/fish/conf.d/conda.fish
no change     /lustre/home/acct-stu/stu282/Tools/miniconda3/shell/condabin/Conda.psm1
no change     /lustre/home/acct-stu/stu282/Tools/miniconda3/shell/condabin/conda-hook.ps1
no change     /lustre/home/acct-stu/stu282/Tools/miniconda3/lib/python3.12/site-packages/xontrib/conda.xsh
no change     /lustre/home/acct-stu/stu282/Tools/miniconda3/etc/profile.d/conda.csh
no change     /lustre/home/acct-stu/stu312/.bashrc
No action taken.
Finish loading indexes
Finish loading indexes
MeanConcatDense(
  (audio_embed): Sequential(
    (0): Linear(in_features=512, out_features=512, bias=True)
    (1): BatchNorm1d(512, eps=1e-05, momentum=0.1, affine=True, track_running_stats=True)
    (2): ReLU()
    (3): Dropout(p=0.2, inplace=False)
    (4): Linear(in_features=512, out_features=128, bias=True)
  )
  (video_embed): Sequential(
    (0): Linear(in_features=512, out_features=512, bias=True)
    (1): BatchNorm1d(512, eps=1e-05, momentum=0.1, affine=True, track_running_stats=True)
    (2): ReLU()
    (3): Dropout(p=0.2, inplace=False)
    (4): Linear(in_features=512, out_features=128, bias=True)
  )
  (outputlayer): Sequential(
    (0): Linear(in_features=256, out_features=128, bias=True)
    (1): Linear(in_features=128, out_features=10, bias=True)
  )
  (audio_output): Sequential(
    (0): Linear(in_features=128, out_features=128, bias=True)
    (1): Linear(in_features=128, out_features=10, bias=True)
  )
  (video_output): Sequential(
    (0): Linear(in_features=128, out_features=128, bias=True)
    (1): Linear(in_features=128, out_features=10, bias=True)
  )
)
-----------start training-----------
epoch 1
---------------------------------------------------------------------------------------------------
epoch 1 training loss:  1.5731621471143538 cv loss:  1.0031763116518657
best validation model found and saved.
---------------------------------------------------------------------------------------------------
epoch 2
---------------------------------------------------------------------------------------------------
epoch 2 training loss:  0.7128139931348062 cv loss:  0.6223450402418772
best validation model found and saved.
---------------------------------------------------------------------------------------------------
epoch 3
---------------------------------------------------------------------------------------------------
epoch 3 training loss:  0.3701662106379386 cv loss:  0.5146483033895493
best validation model found and saved.
---------------------------------------------------------------------------------------------------
epoch 4
---------------------------------------------------------------------------------------------------
epoch 4 training loss:  0.20791188747652115 cv loss:  0.45031468321879703
best validation model found and saved.
---------------------------------------------------------------------------------------------------
epoch 5
---------------------------------------------------------------------------------------------------
epoch 5 training loss:  0.11994240649284856 cv loss:  0.4744011697669824
epoch 6
---------------------------------------------------------------------------------------------------
epoch 6 training loss:  0.07297860927158786 cv loss:  0.4698118132849534
epoch 7
---------------------------------------------------------------------------------------------------
epoch 7 training loss:  0.04767030441472607 cv loss:  0.4934096535046895
epoch 8
---------------------------------------------------------------------------------------------------
epoch 8 training loss:  0.0315131768884678 cv loss:  0.4975553335001071
epoch 9
---------------------------------------------------------------------------------------------------
epoch 9 training loss:  0.024012291067910772 cv loss:  0.505003729214271
epoch 10
---------------------------------------------------------------------------------------------------
epoch 10 training loss:  0.023692101660755374 cv loss:  0.5111044657727083
epoch 11
---------------------------------------------------------------------------------------------------
epoch 11 training loss:  0.023094726981775414 cv loss:  0.5113272281984488
Finish loading indexes
