no change     /lustre/home/acct-stu/stu282/Tools/miniconda3/condabin/conda
no change     /lustre/home/acct-stu/stu282/Tools/miniconda3/bin/conda
no change     /lustre/home/acct-stu/stu282/Tools/miniconda3/bin/conda-env
no change     /lustre/home/acct-stu/stu282/Tools/miniconda3/bin/activate
no change     /lustre/home/acct-stu/stu282/Tools/miniconda3/bin/deactivate
no change     /lustre/home/acct-stu/stu282/Tools/miniconda3/etc/profile.d/conda.sh
no change     /lustre/home/acct-stu/stu282/Tools/miniconda3/etc/fish/conf.d/conda.fish
no change     /lustre/home/acct-stu/stu282/Tools/miniconda3/shell/condabin/Conda.psm1
no change     /lustre/home/acct-stu/stu282/Tools/miniconda3/shell/condabin/conda-hook.ps1
no change     /lustre/home/acct-stu/stu282/Tools/miniconda3/lib/python3.12/site-packages/xontrib/conda.xsh
no change     /lustre/home/acct-stu/stu282/Tools/miniconda3/etc/profile.d/conda.csh
no change     /lustre/home/acct-stu/stu312/.bashrc
No action taken.
Finish loading indexes
Finish loading indexes
MeanConcatDense(
  (audio_embed): Sequential(
    (0): Linear(in_features=512, out_features=512, bias=True)
    (1): BatchNorm1d(512, eps=1e-05, momentum=0.1, affine=True, track_running_stats=True)
    (2): ReLU()
    (3): Dropout(p=0.2, inplace=False)
    (4): Linear(in_features=512, out_features=10, bias=True)
  )
  (video_embed): Sequential(
    (0): Linear(in_features=512, out_features=512, bias=True)
    (1): BatchNorm1d(512, eps=1e-05, momentum=0.1, affine=True, track_running_stats=True)
    (2): ReLU()
    (3): Dropout(p=0.2, inplace=False)
    (4): Linear(in_features=512, out_features=10, bias=True)
  )
  (embed): Sequential(
    (0): Linear(in_features=1024, out_features=512, bias=True)
    (1): BatchNorm1d(512, eps=1e-05, momentum=0.1, affine=True, track_running_stats=True)
    (2): ReLU()
    (3): Dropout(p=0.2, inplace=False)
    (4): Linear(in_features=512, out_features=256, bias=True)
  )
  (outputlayer): Sequential(
    (0): Linear(in_features=256, out_features=128, bias=True)
    (1): Linear(in_features=128, out_features=10, bias=True)
  )
  (audio_output): Sequential(
    (0): Linear(in_features=128, out_features=128, bias=True)
    (1): Linear(in_features=128, out_features=10, bias=True)
  )
  (video_output): Sequential(
    (0): Linear(in_features=128, out_features=128, bias=True)
    (1): Linear(in_features=128, out_features=10, bias=True)
  )
)
-----------start training-----------
epoch 1
---------------------------------------------------------------------------------------------------
epoch 1 training loss:  1.4567715814036708 cv loss:  1.161438266436259
best validation model found and saved.
---------------------------------------------------------------------------------------------------
epoch 2
---------------------------------------------------------------------------------------------------
epoch 2 training loss:  0.891307758708154 cv loss:  0.9283572634061178
best validation model found and saved.
---------------------------------------------------------------------------------------------------
epoch 3
---------------------------------------------------------------------------------------------------
epoch 3 training loss:  0.6729583278779061 cv loss:  0.8197206358114878
best validation model found and saved.
---------------------------------------------------------------------------------------------------
epoch 4
---------------------------------------------------------------------------------------------------
epoch 4 training loss:  0.5328873977545769 cv loss:  0.7419929901758829
best validation model found and saved.
---------------------------------------------------------------------------------------------------
epoch 5
---------------------------------------------------------------------------------------------------
epoch 5 training loss:  0.4261808924136623 cv loss:  0.6807774901390076
best validation model found and saved.
---------------------------------------------------------------------------------------------------
epoch 6
---------------------------------------------------------------------------------------------------
epoch 6 training loss:  0.34230932160731287 cv loss:  0.6152079502741495
best validation model found and saved.
---------------------------------------------------------------------------------------------------
epoch 7
---------------------------------------------------------------------------------------------------
epoch 7 training loss:  0.274999868965918 cv loss:  0.5801930179198583
best validation model found and saved.
---------------------------------------------------------------------------------------------------
epoch 8
---------------------------------------------------------------------------------------------------
epoch 8 training loss:  0.22160396508632169 cv loss:  0.5511783361434937
best validation model found and saved.
---------------------------------------------------------------------------------------------------
epoch 9
---------------------------------------------------------------------------------------------------
epoch 9 training loss:  0.17998956215958442 cv loss:  0.5293998320897421
best validation model found and saved.
---------------------------------------------------------------------------------------------------
epoch 10
---------------------------------------------------------------------------------------------------
epoch 10 training loss:  0.14504945109928807 cv loss:  0.4929205725590388
best validation model found and saved.
---------------------------------------------------------------------------------------------------
epoch 11
---------------------------------------------------------------------------------------------------
epoch 11 training loss:  0.11801840184677032 cv loss:  0.4752161502838135
best validation model found and saved.
---------------------------------------------------------------------------------------------------
epoch 12
---------------------------------------------------------------------------------------------------
epoch 12 training loss:  0.09804337676013669 cv loss:  0.47506608068943024
best validation model found and saved.
---------------------------------------------------------------------------------------------------
epoch 13
---------------------------------------------------------------------------------------------------
epoch 13 training loss:  0.08151250062209944 cv loss:  0.47311000029246014
best validation model found and saved.
---------------------------------------------------------------------------------------------------
epoch 14
---------------------------------------------------------------------------------------------------
epoch 14 training loss:  0.06730456548112054 cv loss:  0.44927485287189484
best validation model found and saved.
---------------------------------------------------------------------------------------------------
epoch 15
---------------------------------------------------------------------------------------------------
epoch 15 training loss:  0.056260070973826994 cv loss:  0.4657409240802129
epoch 16
---------------------------------------------------------------------------------------------------
epoch 16 training loss:  0.047816203606705514 cv loss:  0.4559481342633565
epoch 17
---------------------------------------------------------------------------------------------------
epoch 17 training loss:  0.04125485824601304 cv loss:  0.4397301971912384
best validation model found and saved.
---------------------------------------------------------------------------------------------------
epoch 18
---------------------------------------------------------------------------------------------------
epoch 18 training loss:  0.03650032674833652 cv loss:  0.42957446972529095
best validation model found and saved.
---------------------------------------------------------------------------------------------------
epoch 19
---------------------------------------------------------------------------------------------------
epoch 19 training loss:  0.03019889155703206 cv loss:  0.43002333243687946
epoch 20
---------------------------------------------------------------------------------------------------
epoch 20 training loss:  0.027030370769000823 cv loss:  0.4468061203757922
epoch 21
---------------------------------------------------------------------------------------------------
epoch 21 training loss:  0.02450947553640412 cv loss:  0.4359995797276497
epoch 22
---------------------------------------------------------------------------------------------------
epoch 22 training loss:  0.02083210064278495 cv loss:  0.43990909308195114
epoch 23
---------------------------------------------------------------------------------------------------
epoch 23 training loss:  0.019480316073543603 cv loss:  0.43640633424123126
epoch 24
---------------------------------------------------------------------------------------------------
epoch 24 training loss:  0.019187114862424713 cv loss:  0.4280337691307068
best validation model found and saved.
---------------------------------------------------------------------------------------------------
epoch 25
---------------------------------------------------------------------------------------------------
epoch 25 training loss:  0.01873202320008028 cv loss:  0.4328804562489192
epoch 26
---------------------------------------------------------------------------------------------------
epoch 26 training loss:  0.018703767188614415 cv loss:  0.42686741302410763
best validation model found and saved.
---------------------------------------------------------------------------------------------------
epoch 27
---------------------------------------------------------------------------------------------------
epoch 27 training loss:  0.018564603682006558 cv loss:  0.43842612703641254
epoch 28
---------------------------------------------------------------------------------------------------
epoch 28 training loss:  0.017773763306679263 cv loss:  0.4308542162179947
epoch 29
---------------------------------------------------------------------------------------------------
epoch 29 training loss:  0.017863201653404583 cv loss:  0.44043441861867905
epoch 30
---------------------------------------------------------------------------------------------------
epoch 30 training loss:  0.017690751896870714 cv loss:  0.42460282395283383
best validation model found and saved.
---------------------------------------------------------------------------------------------------
epoch 31
---------------------------------------------------------------------------------------------------
epoch 31 training loss:  0.017202140282719366 cv loss:  0.4329647521177928
epoch 32
---------------------------------------------------------------------------------------------------
epoch 32 training loss:  0.016983822964492343 cv loss:  0.4248288944363594
epoch 33
---------------------------------------------------------------------------------------------------
epoch 33 training loss:  0.0168716958573749 cv loss:  0.43313510715961456
epoch 34
---------------------------------------------------------------------------------------------------
epoch 34 training loss:  0.016562387842925325 cv loss:  0.43105711539586383
epoch 35
---------------------------------------------------------------------------------------------------
epoch 35 training loss:  0.016518169142786535 cv loss:  0.43533368160327274
epoch 36
---------------------------------------------------------------------------------------------------
epoch 36 training loss:  0.01610890137512357 cv loss:  0.4295590768257777
epoch 37
---------------------------------------------------------------------------------------------------
epoch 37 training loss:  0.016286059718338713 cv loss:  0.4316391870379448
Finish loading indexes
