no change     /lustre/home/acct-stu/stu282/Tools/miniconda3/condabin/conda
no change     /lustre/home/acct-stu/stu282/Tools/miniconda3/bin/conda
no change     /lustre/home/acct-stu/stu282/Tools/miniconda3/bin/conda-env
no change     /lustre/home/acct-stu/stu282/Tools/miniconda3/bin/activate
no change     /lustre/home/acct-stu/stu282/Tools/miniconda3/bin/deactivate
no change     /lustre/home/acct-stu/stu282/Tools/miniconda3/etc/profile.d/conda.sh
no change     /lustre/home/acct-stu/stu282/Tools/miniconda3/etc/fish/conf.d/conda.fish
no change     /lustre/home/acct-stu/stu282/Tools/miniconda3/shell/condabin/Conda.psm1
no change     /lustre/home/acct-stu/stu282/Tools/miniconda3/shell/condabin/conda-hook.ps1
no change     /lustre/home/acct-stu/stu282/Tools/miniconda3/lib/python3.12/site-packages/xontrib/conda.xsh
no change     /lustre/home/acct-stu/stu282/Tools/miniconda3/etc/profile.d/conda.csh
no change     /lustre/home/acct-stu/stu312/.bashrc
No action taken.
Finish loading indexes
Finish loading indexes
MeanConcatDense(
  (audio_embed): Sequential(
    (0): Linear(in_features=512, out_features=512, bias=True)
    (1): BatchNorm1d(512, eps=1e-05, momentum=0.1, affine=True, track_running_stats=True)
    (2): ReLU()
    (3): Dropout(p=0.2, inplace=False)
    (4): Linear(in_features=512, out_features=128, bias=True)
  )
  (video_embed): Sequential(
    (0): Linear(in_features=512, out_features=512, bias=True)
    (1): BatchNorm1d(512, eps=1e-05, momentum=0.1, affine=True, track_running_stats=True)
    (2): ReLU()
    (3): Dropout(p=0.2, inplace=False)
    (4): Linear(in_features=512, out_features=128, bias=True)
  )
  (embed): Sequential(
    (0): Linear(in_features=1024, out_features=512, bias=True)
    (1): BatchNorm1d(512, eps=1e-05, momentum=0.1, affine=True, track_running_stats=True)
    (2): ReLU()
    (3): Dropout(p=0.2, inplace=False)
    (4): Linear(in_features=512, out_features=256, bias=True)
  )
  (outputlayer): Sequential(
    (0): Linear(in_features=256, out_features=128, bias=True)
    (1): Linear(in_features=128, out_features=10, bias=True)
  )
  (audio_output): Sequential(
    (0): Linear(in_features=128, out_features=128, bias=True)
    (1): Linear(in_features=128, out_features=10, bias=True)
  )
  (video_output): Sequential(
    (0): Linear(in_features=128, out_features=128, bias=True)
    (1): Linear(in_features=128, out_features=10, bias=True)
  )
)
-----------start training-----------
epoch 1
---------------------------------------------------------------------------------------------------
epoch 1 training loss:  1.629533431222362 cv loss:  1.1669805645942688
best validation model found and saved.
---------------------------------------------------------------------------------------------------
epoch 2
---------------------------------------------------------------------------------------------------
epoch 2 training loss:  0.8622398030373358 cv loss:  0.7506236533323923
best validation model found and saved.
---------------------------------------------------------------------------------------------------
epoch 3
---------------------------------------------------------------------------------------------------
epoch 3 training loss:  0.5196767454185793 cv loss:  0.5750860373179117
best validation model found and saved.
---------------------------------------------------------------------------------------------------
epoch 4
---------------------------------------------------------------------------------------------------
epoch 4 training loss:  0.32238973076305083 cv loss:  0.4939409519235293
best validation model found and saved.
---------------------------------------------------------------------------------------------------
epoch 5
---------------------------------------------------------------------------------------------------
epoch 5 training loss:  0.2087074732107501 cv loss:  0.5004033495982488
epoch 6
---------------------------------------------------------------------------------------------------
epoch 6 training loss:  0.13740618875430477 cv loss:  0.5069470455249151
epoch 7
---------------------------------------------------------------------------------------------------
epoch 7 training loss:  0.0941734834303779 cv loss:  0.4270229637622833
best validation model found and saved.
---------------------------------------------------------------------------------------------------
epoch 8
---------------------------------------------------------------------------------------------------
epoch 8 training loss:  0.06600099711889221 cv loss:  0.4813871035973231
epoch 9
---------------------------------------------------------------------------------------------------
epoch 9 training loss:  0.049741482362151146 cv loss:  0.4664149458209674
epoch 10
---------------------------------------------------------------------------------------------------
epoch 10 training loss:  0.03741551602199193 cv loss:  0.47856559107700986
epoch 11
---------------------------------------------------------------------------------------------------
epoch 11 training loss:  0.026251155642732497 cv loss:  0.4912528023123741
epoch 12
---------------------------------------------------------------------------------------------------
epoch 12 training loss:  0.022934806443029834 cv loss:  0.49504444872339565
epoch 13
---------------------------------------------------------------------------------------------------
epoch 13 training loss:  0.022076615312647437 cv loss:  0.49413107583920163
epoch 14
---------------------------------------------------------------------------------------------------
epoch 14 training loss:  0.021570532838062893 cv loss:  0.5084907698134581
Finish loading indexes
