no change     /lustre/home/acct-stu/stu282/Tools/miniconda3/condabin/conda
no change     /lustre/home/acct-stu/stu282/Tools/miniconda3/bin/conda
no change     /lustre/home/acct-stu/stu282/Tools/miniconda3/bin/conda-env
no change     /lustre/home/acct-stu/stu282/Tools/miniconda3/bin/activate
no change     /lustre/home/acct-stu/stu282/Tools/miniconda3/bin/deactivate
no change     /lustre/home/acct-stu/stu282/Tools/miniconda3/etc/profile.d/conda.sh
no change     /lustre/home/acct-stu/stu282/Tools/miniconda3/etc/fish/conf.d/conda.fish
no change     /lustre/home/acct-stu/stu282/Tools/miniconda3/shell/condabin/Conda.psm1
no change     /lustre/home/acct-stu/stu282/Tools/miniconda3/shell/condabin/conda-hook.ps1
no change     /lustre/home/acct-stu/stu282/Tools/miniconda3/lib/python3.12/site-packages/xontrib/conda.xsh
no change     /lustre/home/acct-stu/stu282/Tools/miniconda3/etc/profile.d/conda.csh
no change     /lustre/home/acct-stu/stu312/.bashrc
No action taken.
Finish loading indexes
Finish loading indexes
MeanConcatDense(
  (audio_embed): Sequential(
    (0): Linear(in_features=512, out_features=512, bias=True)
    (1): BatchNorm1d(512, eps=1e-05, momentum=0.1, affine=True, track_running_stats=True)
    (2): ReLU()
    (3): Dropout(p=0.2, inplace=False)
    (4): Linear(in_features=512, out_features=256, bias=True)
  )
  (video_embed): Sequential(
    (0): Linear(in_features=512, out_features=512, bias=True)
    (1): BatchNorm1d(512, eps=1e-05, momentum=0.1, affine=True, track_running_stats=True)
    (2): ReLU()
    (3): Dropout(p=0.2, inplace=False)
    (4): Linear(in_features=512, out_features=256, bias=True)
  )
  (embed): Sequential(
    (0): Linear(in_features=1024, out_features=512, bias=True)
    (1): BatchNorm1d(512, eps=1e-05, momentum=0.1, affine=True, track_running_stats=True)
    (2): ReLU()
    (3): Dropout(p=0.2, inplace=False)
    (4): Linear(in_features=512, out_features=256, bias=True)
  )
  (outputlayer): Sequential(
    (0): Linear(in_features=256, out_features=128, bias=True)
    (1): Linear(in_features=128, out_features=10, bias=True)
  )
  (audio_output): Sequential(
    (0): Linear(in_features=128, out_features=128, bias=True)
    (1): Linear(in_features=128, out_features=10, bias=True)
  )
  (video_output): Sequential(
    (0): Linear(in_features=128, out_features=128, bias=True)
    (1): Linear(in_features=128, out_features=10, bias=True)
  )
)
-----------start training-----------
epoch 1
---------------------------------------------------------------------------------------------------
epoch 1 training loss:  1.536862922291602 cv loss:  1.1104503870010376
best validation model found and saved.
---------------------------------------------------------------------------------------------------
epoch 2
---------------------------------------------------------------------------------------------------
epoch 2 training loss:  0.7298128316479344 cv loss:  0.8223856315016747
best validation model found and saved.
---------------------------------------------------------------------------------------------------
epoch 3
---------------------------------------------------------------------------------------------------
epoch 3 training loss:  0.3817600355513634 cv loss:  0.8015401909748713
best validation model found and saved.
---------------------------------------------------------------------------------------------------
epoch 4
---------------------------------------------------------------------------------------------------
epoch 4 training loss:  0.20314773076003598 cv loss:  0.815820703903834
epoch 5
---------------------------------------------------------------------------------------------------
epoch 5 training loss:  0.11477089348819948 cv loss:  0.8697601954142252
epoch 6
---------------------------------------------------------------------------------------------------
epoch 6 training loss:  0.06954657220311704 cv loss:  0.8836442405978838
epoch 7
---------------------------------------------------------------------------------------------------
epoch 7 training loss:  0.044104812786944454 cv loss:  0.9073901958763599
epoch 8
---------------------------------------------------------------------------------------------------
epoch 8 training loss:  0.0345546388698201 cv loss:  0.9014464629193147
epoch 9
---------------------------------------------------------------------------------------------------
epoch 9 training loss:  0.03260895814145765 cv loss:  0.9088033636411031
epoch 10
---------------------------------------------------------------------------------------------------
epoch 10 training loss:  0.031592118824201244 cv loss:  0.9103372097015381
Finish loading indexes
