no change     /lustre/home/acct-stu/stu282/Tools/miniconda3/condabin/conda
no change     /lustre/home/acct-stu/stu282/Tools/miniconda3/bin/conda
no change     /lustre/home/acct-stu/stu282/Tools/miniconda3/bin/conda-env
no change     /lustre/home/acct-stu/stu282/Tools/miniconda3/bin/activate
no change     /lustre/home/acct-stu/stu282/Tools/miniconda3/bin/deactivate
no change     /lustre/home/acct-stu/stu282/Tools/miniconda3/etc/profile.d/conda.sh
no change     /lustre/home/acct-stu/stu282/Tools/miniconda3/etc/fish/conf.d/conda.fish
no change     /lustre/home/acct-stu/stu282/Tools/miniconda3/shell/condabin/Conda.psm1
no change     /lustre/home/acct-stu/stu282/Tools/miniconda3/shell/condabin/conda-hook.ps1
no change     /lustre/home/acct-stu/stu282/Tools/miniconda3/lib/python3.12/site-packages/xontrib/conda.xsh
no change     /lustre/home/acct-stu/stu282/Tools/miniconda3/etc/profile.d/conda.csh
no change     /lustre/home/acct-stu/stu312/.bashrc
No action taken.
Finish loading indexes
Finish loading indexes
MeanConcatDense(
  (audio_embed): Sequential(
    (0): Linear(in_features=512, out_features=512, bias=True)
    (1): BatchNorm1d(512, eps=1e-05, momentum=0.1, affine=True, track_running_stats=True)
    (2): ReLU()
    (3): Dropout(p=0.2, inplace=False)
    (4): Linear(in_features=512, out_features=256, bias=True)
  )
  (video_embed): Sequential(
    (0): Linear(in_features=512, out_features=512, bias=True)
    (1): BatchNorm1d(512, eps=1e-05, momentum=0.1, affine=True, track_running_stats=True)
    (2): ReLU()
    (3): Dropout(p=0.2, inplace=False)
    (4): Linear(in_features=512, out_features=128, bias=True)
  )
  (embed): Sequential(
    (0): Linear(in_features=1024, out_features=512, bias=True)
    (1): BatchNorm1d(512, eps=1e-05, momentum=0.1, affine=True, track_running_stats=True)
    (2): ReLU()
    (3): Dropout(p=0.2, inplace=False)
    (4): Linear(in_features=512, out_features=256, bias=True)
  )
  (outputlayer): Sequential(
    (0): Linear(in_features=256, out_features=128, bias=True)
    (1): Linear(in_features=128, out_features=10, bias=True)
  )
  (audio_output): Sequential(
    (0): Linear(in_features=128, out_features=128, bias=True)
    (1): Linear(in_features=128, out_features=10, bias=True)
  )
  (video_output): Sequential(
    (0): Linear(in_features=128, out_features=128, bias=True)
    (1): Linear(in_features=128, out_features=10, bias=True)
  )
)
-----------start training-----------
epoch 1
---------------------------------------------------------------------------------------------------
epoch 1 training loss:  1.5939892568895895 cv loss:  1.17537056406339
best validation model found and saved.
---------------------------------------------------------------------------------------------------
epoch 2
---------------------------------------------------------------------------------------------------
epoch 2 training loss:  0.9048736489588215 cv loss:  0.9610182742277781
best validation model found and saved.
---------------------------------------------------------------------------------------------------
epoch 3
---------------------------------------------------------------------------------------------------
epoch 3 training loss:  0.6472333251468597 cv loss:  0.8562536835670471
best validation model found and saved.
---------------------------------------------------------------------------------------------------
epoch 4
---------------------------------------------------------------------------------------------------
epoch 4 training loss:  0.4984304650175956 cv loss:  0.8120256960391998
best validation model found and saved.
---------------------------------------------------------------------------------------------------
epoch 5
---------------------------------------------------------------------------------------------------
epoch 5 training loss:  0.3920611128691704 cv loss:  0.8051935136318207
best validation model found and saved.
---------------------------------------------------------------------------------------------------
epoch 6
---------------------------------------------------------------------------------------------------
epoch 6 training loss:  0.3209350462402067 cv loss:  0.7393070161342621
best validation model found and saved.
---------------------------------------------------------------------------------------------------
epoch 7
---------------------------------------------------------------------------------------------------
epoch 7 training loss:  0.25770341580913914 cv loss:  0.7379259417454401
best validation model found and saved.
---------------------------------------------------------------------------------------------------
epoch 8
---------------------------------------------------------------------------------------------------
epoch 8 training loss:  0.21860867594518968 cv loss:  0.7931424429019293
epoch 9
---------------------------------------------------------------------------------------------------
epoch 9 training loss:  0.18408671261802798 cv loss:  0.7752935613195101
epoch 10
---------------------------------------------------------------------------------------------------
epoch 10 training loss:  0.15306532815579446 cv loss:  0.7850400358438492
epoch 11
---------------------------------------------------------------------------------------------------
epoch 11 training loss:  0.12911804933701793 cv loss:  0.7834002325932184
epoch 12
---------------------------------------------------------------------------------------------------
epoch 12 training loss:  0.11195853761126918 cv loss:  0.794916495680809
epoch 13
---------------------------------------------------------------------------------------------------
epoch 13 training loss:  0.10784219193362421 cv loss:  0.7861156314611435
epoch 14
---------------------------------------------------------------------------------------------------
epoch 14 training loss:  0.10277945313963198 cv loss:  0.7955692857503891
Finish loading indexes
