[2024-05-27 10:30:34] Storing files in experiments/Crnn/2024-05-27_10-30-05_18682b261bd111ef87135cff35c1d408
[2024-05-27 10:30:34] batch_size: 64
[2024-05-27 10:30:34] data:
[2024-05-27 10:30:34]   class_indice_file: /lustre/home/acct-stu/stu282/Data/sound_event_detection/data/metadata/class_label_indices.txt
[2024-05-27 10:30:34]   feature: /lustre/home/acct-stu/stu282/Data/sound_event_detection/data/dev/feature.csv
[2024-05-27 10:30:34]   label: /lustre/home/acct-stu/stu282/Data/sound_event_detection/data/dev/label.csv
[2024-05-27 10:30:34]   stratified: true
[2024-05-27 10:30:34] dataloader_args:
[2024-05-27 10:30:34]   batch_size: 64
[2024-05-27 10:30:34]   num_workers: 1
[2024-05-27 10:30:34] early_stop: 7
[2024-05-27 10:30:34] epochs: 100
[2024-05-27 10:30:34] eval_data:
[2024-05-27 10:30:34]   feature: /lustre/home/acct-stu/stu282/Data/sound_event_detection/data/eval/feature.csv
[2024-05-27 10:30:34]   label: /lustre/home/acct-stu/stu282/Data/sound_event_detection/data/eval/label.csv
[2024-05-27 10:30:34] loss: BceLoss
[2024-05-27 10:30:34] model:
[2024-05-27 10:30:34]   args: {}
[2024-05-27 10:30:34]   type: Crnn
[2024-05-27 10:30:34] num_workers: 2
[2024-05-27 10:30:34] optimizer:
[2024-05-27 10:30:34]   args:
[2024-05-27 10:30:34]     lr: 0.001
[2024-05-27 10:30:34]   type: AdamW
[2024-05-27 10:30:34] outputpath: experiments/
[2024-05-27 10:30:34] scheduler_args:
[2024-05-27 10:30:34]   factor: 0.1
[2024-05-27 10:30:34]   patience: 3
[2024-05-27 10:30:34] 
[2024-05-27 10:30:34] Running on device cuda
Traceback (most recent call last):
  File "/lustre/home/acct-stu/stu312/fy/Project/sound_event_detection/run.py", line 332, in <module>
    fire.Fire(Runner)
  File "/lustre/home/acct-stu/stu282/Tools/miniconda3/envs/py3.10.11/lib/python3.10/site-packages/fire/core.py", line 143, in Fire
    component_trace = _Fire(component, args, parsed_flag_args, context, name)
  File "/lustre/home/acct-stu/stu282/Tools/miniconda3/envs/py3.10.11/lib/python3.10/site-packages/fire/core.py", line 477, in _Fire
    component, remaining_args = _CallAndUpdateTrace(
  File "/lustre/home/acct-stu/stu282/Tools/miniconda3/envs/py3.10.11/lib/python3.10/site-packages/fire/core.py", line 693, in _CallAndUpdateTrace
    component = fn(*varargs, **kwargs)
  File "/lustre/home/acct-stu/stu312/fy/Project/sound_event_detection/run.py", line 327, in train_evaluate
    experiment_path = self.train(config_file)
  File "/lustre/home/acct-stu/stu312/fy/Project/sound_event_detection/run.py", line 73, in train
    with open(config['data']['class_indice_file'], "r") as reader:
FileNotFoundError: [Errno 2] No such file or directory: '/lustre/home/acct-stu/stu282/Data/sound_event_detection/data/metadata/class_label_indices.txt'
